0 info it worked if it ends with ok
1 verbose cli [ 'C:\\Program Files\\nodejs\\node.exe',
1 verbose cli   'C:\\Users\\xIS16532\\AppData\\Roaming\\npm\\node_modules\\npm\\bin\\npm-cli.js',
1 verbose cli   'install',
1 verbose cli   '--log-level',
1 verbose cli   'info' ]
2 info using npm@3.8.6
3 info using node@v6.4.0
4 silly loadCurrentTree Starting
5 silly install loadCurrentTree
6 silly install readLocalPackageData
7 silly fetchPackageMetaData info
8 silly fetchNamedPackageData info
9 silly mapToRegistry name info
10 silly mapToRegistry using default registry
11 silly mapToRegistry registry http://registry.npmjs.org/
12 silly mapToRegistry data Result {
12 silly mapToRegistry   raw: 'info',
12 silly mapToRegistry   scope: null,
12 silly mapToRegistry   name: 'info',
12 silly mapToRegistry   rawSpec: '',
12 silly mapToRegistry   spec: 'latest',
12 silly mapToRegistry   type: 'tag' }
13 silly mapToRegistry uri http://registry.npmjs.org/info
14 verbose request uri http://registry.npmjs.org/info
15 verbose request no auth needed
16 info attempt registry request try #1 at 12:21:52
17 verbose request id 42e6ee8faf07dca5
18 http request GET http://registry.npmjs.org/info
19 info retry will retry, error on last attempt: Error: connect ETIMEDOUT 172.31.219.30:8080
20 info attempt registry request try #2 at 12:22:23
21 http request GET http://registry.npmjs.org/info
22 info retry will retry, error on last attempt: Error: connect ETIMEDOUT 172.31.219.30:8080
23 info attempt registry request try #3 at 12:23:44
24 http request GET http://registry.npmjs.org/info
25 silly fetchPackageMetaData Error: connect ETIMEDOUT 172.31.219.30:8080
25 silly fetchPackageMetaData     at Object.exports._errnoException (util.js:1026:11)
25 silly fetchPackageMetaData     at exports._exceptionWithHostPort (util.js:1049:20)
25 silly fetchPackageMetaData     at TCPConnectWrap.afterConnect [as oncomplete] (net.js:1081:14)
25 silly fetchPackageMetaData  error for info { Error: connect ETIMEDOUT 172.31.219.30:8080
25 silly fetchPackageMetaData     at Object.exports._errnoException (util.js:1026:11)
25 silly fetchPackageMetaData     at exports._exceptionWithHostPort (util.js:1049:20)
25 silly fetchPackageMetaData     at TCPConnectWrap.afterConnect [as oncomplete] (net.js:1081:14)
25 silly fetchPackageMetaData   code: 'ETIMEDOUT',
25 silly fetchPackageMetaData   errno: 'ETIMEDOUT',
25 silly fetchPackageMetaData   syscall: 'connect',
25 silly fetchPackageMetaData   address: '172.31.219.30',
25 silly fetchPackageMetaData   port: 8080 }
26 silly rollbackFailedOptional Starting
27 silly rollbackFailedOptional Finishing
28 silly runTopLevelLifecycles Starting
29 silly runTopLevelLifecycles Finishing
30 silly install printInstalled
31 verbose stack Error: connect ETIMEDOUT 172.31.219.30:8080
31 verbose stack     at Object.exports._errnoException (util.js:1026:11)
31 verbose stack     at exports._exceptionWithHostPort (util.js:1049:20)
31 verbose stack     at TCPConnectWrap.afterConnect [as oncomplete] (net.js:1081:14)
32 verbose cwd C:\github\angular-basic
33 error Windows_NT 6.1.7601
34 error argv "C:\\Program Files\\nodejs\\node.exe" "C:\\Users\\xIS16532\\AppData\\Roaming\\npm\\node_modules\\npm\\bin\\npm-cli.js" "install" "--log-level" "info"
35 error node v6.4.0
36 error npm  v3.8.6
37 error code ETIMEDOUT
38 error errno ETIMEDOUT
39 error syscall connect
40 error network connect ETIMEDOUT 172.31.219.30:8080
41 error network This is most likely not a problem with npm itself
41 error network and is related to network connectivity.
41 error network In most cases you are behind a proxy or have bad network settings.
41 error network
41 error network If you are behind a proxy, please make sure that the
41 error network 'proxy' config is set properly.  See: 'npm help config'
42 verbose exit [ 1, true ]
